           ___    __                 _ __  __                ___________
          /   |  / /___ _____  _____(_) /_/ /_  ____ ___  _ / ____/__  /
         / /| | / / __ `/ __ \/ ___/ / __/ __ \/ __ `__ \(_) /     /_ < 
        / ___ |/ / /_/ / /_/ / /  / / /_/ / / / / / / / / / /___ ___/ / 
       /_/  |_/_/\__, /\____/_/  /_/\__/_/ /_/_/ /_/ /_(_)\____//____/  
                /____/                                                  
! Finding Algorithm:C3 on cpanmetadb failed.
! Finding Algorithm:C3 () on mirror http://www.cpan.org failed.
! Couldn't find module or a distribution Algorithm:C3
                                                    
                              _________  ____ _____ 
                             / ___/ __ \/ __ `/ __ \
                            / /__/ /_/ / /_/ / / / /
                            \___/ .___/\__,_/_/ /_/ 
                               /_/                  
           ___    __                 _ __  __                ___________
          /   |  / /___ _____  _____(_) /_/ /_  ____ ___  _ / ____/__  /
         / /| | / / __ `/ __ \/ ___/ / __/ __ \/ __ `__ \(_) /     /_ < 
        / ___ |/ / /_/ / /_/ / /  / / /_/ / / / / / / / / / /___ ___/ / 
       /_/  |_/_/\__, /\____/_/  /_/\__/_/ /_/_/ /_/ /_(_)\____//____/  
                /____/                                                  
                                   ____      _ __
                                  / __/___ _(_) /
                                 / /_/ __ `/ / / 
                                / __/ /_/ / / /  
                               /_/  \__,_/_/_/   
                                                 
cpanm Algorithm:C3 fail
         ___    __                 _ __  __                ____  _ ________
        /   |  / /___ _____  _____(_) /_/ /_  ____ ___  _ / __ \(_) __/ __/
       / /| | / / __ `/ __ \/ ___/ / __/ __ \/ __ `__ \(_) / / / / /_/ /_  
      / ___ |/ / /_/ / /_/ / /  / / /_/ / / / / / / / / / /_/ / / __/ __/  
     /_/  |_/_/\__, /\____/_/  /_/\__/_/ /_/_/ /_/ /_(_)_____/_/_/ /_/     
              /____/                                                       
! Finding Algorithm:Diff on cpanmetadb failed.
! Finding Algorithm:Diff () on mirror http://www.cpan.org failed.
! Couldn't find module or a distribution Algorithm:Diff
                                                    
                              _________  ____ _____ 
                             / ___/ __ \/ __ `/ __ \
                            / /__/ /_/ / /_/ / / / /
                            \___/ .___/\__,_/_/ /_/ 
                               /_/                  
         ___    __                 _ __  __                ____  _ ________
        /   |  / /___ _____  _____(_) /_/ /_  ____ ___  _ / __ \(_) __/ __/
       / /| | / / __ `/ __ \/ ___/ / __/ __ \/ __ `__ \(_) / / / / /_/ /_  
      / ___ |/ / /_/ / /_/ / /  / / /_/ / / / / / / / / / /_/ / / __/ __/  
     /_/  |_/_/\__, /\____/_/  /_/\__/_/ /_/_/ /_/ /_(_)_____/_/_/ /_/     
              /____/                                                       
                                   ____      _ __
                                  / __/___ _(_) /
                                 / /_/ __ `/ / / 
                                / __/ /_/ / / /  
                               /_/  \__,_/_/_/   
                                                 
cpanm Algorithm:Diff fail
      ___                                                   _                 
     /   |  ____  ____  _ _________  ____ _____  ____ ___  (_)___  __  _______
    / /| | / __ \/ __ \(_) ___/ __ \/ __ `/ __ \/ __ `__ \/ / __ \/ / / / ___/
   / ___ |/ /_/ / /_/ / / /__/ /_/ / /_/ / / / / / / / / / / / / / /_/ (__  ) 
  /_/  |_/ .___/ .___(_)\___/ .___/\__,_/_/ /_/_/ /_/ /_/_/_/ /_/\__,_/____/  
        /_/   /_/          /_/                                                
! Finding App:cpanminus on cpanmetadb failed.
! Finding App:cpanminus () on mirror http://www.cpan.org failed.
! Couldn't find module or a distribution App:cpanminus
                                                    
                              _________  ____ _____ 
                             / ___/ __ \/ __ `/ __ \
                            / /__/ /_/ / /_/ / / / /
                            \___/ .___/\__,_/_/ /_/ 
                               /_/                  
      ___                                                   _                 
     /   |  ____  ____  _ _________  ____ _____  ____ ___  (_)___  __  _______
    / /| | / __ \/ __ \(_) ___/ __ \/ __ `/ __ \/ __ `__ \/ / __ \/ / / / ___/
   / ___ |/ /_/ / /_/ / / /__/ /_/ / /_/ / / / / / / / / / / / / / /_/ (__  ) 
  /_/  |_/ .___/ .___(_)\___/ .___/\__,_/_/ /_/_/ /_/ /_/_/_/ /_/\__,_/____/  
        /_/   /_/          /_/                                                
                                   ____      _ __
                                  / __/___ _(_) /
                                 / /_/ __ `/ / / 
                                / __/ /_/ / / /  
                               /_/  \__,_/_/_/   
                                                 
cpanm App:cpanminus fail
                ___              __    _            ______          
               /   |  __________/ /_  (_)   _____  /_  __/___ ______
              / /| | / ___/ ___/ __ \/ / | / / _ \(_) / / __ `/ ___/
             / ___ |/ /  / /__/ / / / /| |/ /  __/ / / / /_/ / /    
            /_/  |_/_/   \___/_/ /_/_/ |___/\___(_)_/  \__,_/_/     
                                                                    
! Finding Archive:Tar on cpanmetadb failed.
! Finding Archive:Tar () on mirror http://www.cpan.org failed.
! Couldn't find module or a distribution Archive:Tar
                                                    
                              _________  ____ _____ 
                             / ___/ __ \/ __ `/ __ \
                            / /__/ /_/ / /_/ / / / /
                            \___/ .___/\__,_/_/ /_/ 
                               /_/                  
       ___              __    _            ______              ____      _ __
      /   |  __________/ /_  (_)   _____  /_  __/___ ______   / __/___ _(_) /
     / /| | / ___/ ___/ __ \/ / | / / _ \(_) / / __ `/ ___/  / /_/ __ `/ / / 
    / ___ |/ /  / /__/ / / / /| |/ /  __/ / / / /_/ / /     / __/ /_/ / / /  
   /_/  |_/_/   \___/_/ /_/_/ |___/\___(_)_/  \__,_/_/     /_/  \__,_/_/_/   
                                                                             
cpanm Archive:Tar fail
                 ___              __    _            _____   _     
                /   |  __________/ /_  (_)   _____  /__  /  (_)___ 
               / /| | / ___/ ___/ __ \/ / | / / _ \(_)/ /  / / __ \
              / ___ |/ /  / /__/ / / / /| |/ /  __/  / /__/ / /_/ /
             /_/  |_/_/   \___/_/ /_/_/ |___/\___(_)/____/_/ .___/ 
                                                          /_/      
! Finding Archive:Zip on cpanmetadb failed.
! Finding Archive:Zip () on mirror http://www.cpan.org failed.
! Couldn't find module or a distribution Archive:Zip
                             ___              __    _            _____   _     
  _________  ____ _____     /   |  __________/ /_  (_)   _____  /__  /  (_)___ 
 / ___/ __ \/ __ `/ __ \   / /| | / ___/ ___/ __ \/ / | / / _ \(_)/ /  / / __ \
/ /__/ /_/ / /_/ / / / /  / ___ |/ /  / /__/ / / / /| |/ /  __/  / /__/ / /_/ /
\___/ .___/\__,_/_/ /_/  /_/  |_/_/   \___/_/ /_/_/ |___/\___(_)/____/_/ .___/ 
   /_/                                                                /_/      
                                   ____      _ __
                                  / __/___ _(_) /
                                 / /_/ __ `/ / / 
                                / __/ /_/ / / /  
                               /_/  \__,_/_/_/   
                                                 
cpanm Archive:Zip fail
     ___   __  __       _ __          __         __  __                ____   
    /   | / /_/ /______(_) /_  __  __/ /____  _ / / / /___ _____  ____/ / /__ 
   / /| |/ __/ __/ ___/ / __ \/ / / / __/ _ \(_) /_/ / __ `/ __ \/ __  / / _ \
  / ___ / /_/ /_/ /  / / /_/ / /_/ / /_/  __/ / __  / /_/ / / / / /_/ / /  __/
 /_/  |_\__/\__/_/  /_/_.___/\__,_/\__/\___(_)_/ /_/\__,_/_/ /_/\__,_/_/\___/ 
                                                                              
                                              
                                    __________
                                   / ___/ ___/
                                  / /  (__  ) 
                                 /_/  /____/  
                                              
! Finding Attribute:Handlers on cpanmetadb failed.
! Finding Attribute:Handlers () on mirror http://www.cpan.org failed.
! Couldn't find module or a distribution Attribute:Handlers
                                                    
                              _________  ____ _____ 
                             / ___/ __ \/ __ `/ __ \
                            / /__/ /_/ / /_/ / / / /
                            \___/ .___/\__,_/_/ /_/ 
                               /_/                  
     ___   __  __       _ __          __         __  __                ____   
    /   | / /_/ /______(_) /_  __  __/ /____  _ / / / /___ _____  ____/ / /__ 
   / /| |/ __/ __/ ___/ / __ \/ / / / __/ _ \(_) /_/ / __ `/ __ \/ __  / / _ \
  / ___ / /_/ /_/ /  / / /_/ / /_/ / /_/  __/ / __  / /_/ / / / / /_/ / /  __/
 /_/  |_\__/\__/_/  /_/_.___/\__,_/\__/\___(_)_/ /_/\__,_/_/ /_/\__,_/_/\___/ 
                                                                              
                                         ____      _ __
                           __________   / __/___ _(_) /
                          / ___/ ___/  / /_/ __ `/ / / 
                         / /  (__  )  / __/ /_/ / / /  
                        /_/  /____/  /_/  \__,_/_/_/   
                                                       
cpanm Attribute:Handlers fail
              ___         __        __                    __         
             /   | __  __/ /_____  / /   ____  ____ _____/ /__  _____
            / /| |/ / / / __/ __ \/ /   / __ \/ __ `/ __  / _ \/ ___/
           / ___ / /_/ / /_/ /_/ / /___/ /_/ / /_/ / /_/ /  __/ /    
          /_/  |_\__,_/\__/\____/_____/\____/\__,_/\__,_/\___/_/     
                                                                     
AutoLoader is up to date. (5.74)
cpanm AutoLoader ok
                        ____    ____       __               
                       / __ )_ / __ \___  / /_  __  ______ _
                      / __  (_) / / / _ \/ __ \/ / / / __ `/
                     / /_/ / / /_/ /  __/ /_/ / /_/ / /_/ / 
                    /_____(_)_____/\___/_.___/\__,_/\__, /  
                                                   /____/   
! Finding B:Debug on cpanmetadb failed.
! Finding B:Debug () on mirror http://www.cpan.org failed.
! Couldn't find module or a distribution B:Debug
                                    ____    ____       __               
         _________  ____ _____     / __ )_ / __ \___  / /_  __  ______ _
        / ___/ __ \/ __ `/ __ \   / __  (_) / / / _ \/ __ \/ / / / __ `/
       / /__/ /_/ / /_/ / / / /  / /_/ / / /_/ /  __/ /_/ / /_/ / /_/ / 
       \___/ .___/\__,_/_/ /_/  /_____(_)_____/\___/_.___/\__,_/\__, /  
          /_/                                                  /____/   
                                   ____      _ __
                                  / __/___ _(_) /
                                 / /_/ __ `/ / / 
                                / __/ /_/ / / /  
                               /_/  \__,_/_/_/   
                                                 
cpanm B:Debug fail
      ____    __  __            __          ______          ______  _________
     / __ )_ / / / /___  ____  / /________ / ____/___  ____/ / __ \/ __/ ___/
    / __  (_) /_/ / __ \/ __ \/ //_/ ___(_) __/ / __ \/ __  / / / / /_ \__ \ 
   / /_/ / / __  / /_/ / /_/ / ,< (__  ) / /___/ / / / /_/ / /_/ / __/___/ / 
  /_____(_)_/ /_/\____/\____/_/|_/____(_)_____/_/ /_/\__,_/\____/_/  /____/  
                                                                             
                                                   
                              _________  ____  ___ 
                             / ___/ __ \/ __ \/ _ \
                            / /__/ /_/ / /_/ /  __/
                            \___/\____/ .___/\___/ 
                                     /_/           
! Finding B:Hooks:EndOfScope on cpanmetadb failed.
! Finding B:Hooks:EndOfScope () on mirror http://www.cpan.org failed.
! Couldn't find module or a distribution B:Hooks:EndOfScope
                                                    
                              _________  ____ _____ 
                             / ___/ __ \/ __ `/ __ \
                            / /__/ /_/ / /_/ / / / /
                            \___/ .___/\__,_/_/ /_/ 
                               /_/                  
      ____    __  __            __          ______          ______  _________
     / __ )_ / / / /___  ____  / /________ / ____/___  ____/ / __ \/ __/ ___/
    / __  (_) /_/ / __ \/ __ \/ //_/ ___(_) __/ / __ \/ __  / / / / /_ \__ \ 
   / /_/ / / __  / /_/ / /_/ / ,< (__  ) / /___/ / / / /_/ / /_/ / __/___/ / 
  /_____(_)_/ /_/\____/\____/_/|_/____(_)_____/_/ /_/\__,_/\____/_/  /____/  
                                                                             
                                               ____      _ __
                     _________  ____  ___     / __/___ _(_) /
                    / ___/ __ \/ __ \/ _ \   / /_/ __ `/ / / 
                   / /__/ /_/ / /_/ /  __/  / __/ /_/ / / /  
                   \___/\____/ .___/\___/  /_/  \__,_/_/_/   
                            /_/                              
cpanm B:Hooks:EndOfScope fail
               ____    __ __                                   __    
              / __ )_ / //_/__  __  ___      ______  _________/ /____
             / __  (_) ,< / _ \/ / / / | /| / / __ \/ ___/ __  / ___/
            / /_/ / / /| /  __/ /_/ /| |/ |/ / /_/ / /  / /_/ (__  ) 
           /_____(_)_/ |_\___/\__, / |__/|__/\____/_/   \__,_/____/  
                             /____/                                  
! Finding B:Keywords on cpanmetadb failed.
! Finding B:Keywords () on mirror http://www.cpan.org failed.
! Couldn't find module or a distribution B:Keywords
                                                    
                              _________  ____ _____ 
                             / ___/ __ \/ __ `/ __ \
                            / /__/ /_/ / /_/ / / / /
                            \___/ .___/\__,_/_/ /_/ 
                               /_/                  
      ____    __ __                                   __        ____      _ __
     / __ )_ / //_/__  __  ___      ______  _________/ /____   / __/___ _(_) /
    / __  (_) ,< / _ \/ / / / | /| / / __ \/ ___/ __  / ___/  / /_/ __ `/ / / 
   / /_/ / / /| /  __/ /_/ /| |/ |/ / /_/ / /  / /_/ (__  )  / __/ /_/ / / /  
  /_____(_)_/ |_\___/\__, / |__/|__/\____/_/   \__,_/____/  /_/  \__,_/_/_/   
                    /____/                                                    
cpanm B:Keywords fail
            ____ _____ ____    ____                                     
           / __ ) ___// __ \_ / __ \___  _________  __  _______________ 
          / __  \__ \/ / / (_) /_/ / _ \/ ___/ __ \/ / / / ___/ ___/ _ \
         / /_/ /__/ / /_/ / / _, _/  __(__  ) /_/ / /_/ / /  / /__/  __/
        /_____/____/_____(_)_/ |_|\___/____/\____/\__,_/_/   \___/\___/ 
                                                                        
! Finding BSD:Resource on cpanmetadb failed.
! Finding BSD:Resource () on mirror http://www.cpan.org failed.
! Couldn't find module or a distribution BSD:Resource
                                                    
                              _________  ____ _____ 
                             / ___/ __ \/ __ `/ __ \
                            / /__/ /_/ / /_/ / / / /
                            \___/ .___/\__,_/_/ /_/ 
                               /_/                  
            ____ _____ ____    ____                                     
           / __ ) ___// __ \_ / __ \___  _________  __  _______________ 
          / __  \__ \/ / / (_) /_/ / _ \/ ___/ __ \/ / / / ___/ ___/ _ \
         / /_/ /__/ / /_/ / / _, _/  __(__  ) /_/ / /_/ / /  / /__/  __/
        /_____/____/_____(_)_/ |_|\___/____/\____/\__,_/_/   \___/\___/ 
                                                                        
                                   ____      _ __
                                  / __/___ _(_) /
                                 / /_/ __ `/ / / 
                                / __/ /_/ / / /  
                               /_/  \__,_/_/_/   
                                                 
cpanm BSD:Resource fail
                    ____  _ __   _    __          __            
                   / __ )(_) /__| |  / /__  _____/ /_____  _____
                  / __  / / __(_) | / / _ \/ ___/ __/ __ \/ ___/
                 / /_/ / / /__  | |/ /  __/ /__/ /_/ /_/ / /    
                /_____/_/\__(_) |___/\___/\___/\__/\____/_/     
                                                                
! Finding Bit:Vector on cpanmetadb failed.
! Finding Bit:Vector () on mirror http://www.cpan.org failed.
! Couldn't find module or a distribution Bit:Vector
                                ____  _ __   _    __          __            
     _________  ____ _____     / __ )(_) /__| |  / /__  _____/ /_____  _____
    / ___/ __ \/ __ `/ __ \   / __  / / __(_) | / / _ \/ ___/ __/ __ \/ ___/
   / /__/ /_/ / /_/ / / / /  / /_/ / / /__  | |/ /  __/ /__/ /_/ /_/ / /    
   \___/ .___/\__,_/_/ /_/  /_____/_/\__(_) |___/\___/\___/\__/\____/_/     
      /_/                                                                   
                                   ____      _ __
                                  / __/___ _(_) /
                                 / /_/ __ `/ / / 
                                / __/ /_/ / / /  
                               /_/  \__,_/_/_/   
                                                 
cpanm Bit:Vector fail
                                 ________________
                                / ____/ ____/  _/
                               / /   / / __ / /  
                              / /___/ /_/ // /   
                              \____/\____/___/   
                                                 
--> Working on CGI
Fetching http://www.cpan.org/authors/id/L/LE/LEEJO/CGI-4.22.tar.gz ... OK
Configuring CGI-4.22 ... OK
==> Found dependencies: Test::NoWarnings, HTML::Entities, Test::Warn, Test::Deep
--> Working on Test::NoWarnings
Fetching http://www.cpan.org/authors/id/A/AD/ADAMK/Test-NoWarnings-1.04.tar.gz ... OK
Configuring Test-NoWarnings-1.04 ... OK
==> Found dependencies: Test::Tester
--> Working on Test::Tester
Fetching http://www.cpan.org/authors/id/E/EX/EXODIST/Test-Simple-1.001014.tar.gz ... OK
Configuring Test-Simple-1.001014 ... OK
Building and testing Test-Simple-1.001014 ... OK
Successfully installed Test-Simple-1.001014
! Installing the dependencies failed: Module 'Test::Tester' is not installed
! Bailing out the installation for Test-NoWarnings-1.04.
--> Working on HTML::Entities
Fetching http://www.cpan.org/authors/id/G/GA/GAAS/HTML-Parser-3.71.tar.gz ... OK
Configuring HTML-Parser-3.71 ... OK
==> Found dependencies: HTML::Tagset
--> Working on HTML::Tagset
Fetching http://www.cpan.org/authors/id/P/PE/PETDANCE/HTML-Tagset-3.20.tar.gz ... OK
Configuring HTML-Tagset-3.20 ... OK
Building and testing HTML-Tagset-3.20 ... OK
Successfully installed HTML-Tagset-3.20
! Installing the dependencies failed: Module 'HTML::Tagset' is not installed
! Bailing out the installation for HTML-Parser-3.71.
--> Working on Test::Warn
Fetching http://www.cpan.org/authors/id/C/CH/CHORNY/Test-Warn-0.30.tar.gz ... OK
Configuring Test-Warn-0.30 ... OK
==> Found dependencies: Sub::Uplevel
--> Working on Sub::Uplevel
Fetching http://www.cpan.org/authors/id/D/DA/DAGOLDEN/Sub-Uplevel-0.25.tar.gz ... OK
Configuring Sub-Uplevel-0.25 ... OK
Building and testing Sub-Uplevel-0.25 ... OK
Successfully installed Sub-Uplevel-0.25
! Installing the dependencies failed: Module 'Sub::Uplevel' is not installed
! Bailing out the installation for Test-Warn-0.30.
--> Working on Test::Deep
Fetching http://www.cpan.org/authors/id/R/RJ/RJBS/Test-Deep-0.119.tar.gz ... OK
Configuring Test-Deep-0.119 ... ! Installing the dependencies failed: Module 'Test::Tester' is not installed
! Bailing out the installation for Test-Deep-0.119.
! Installing the dependencies failed: Module 'HTML::Entities' is not installed, Module 'Test::NoWarnings' is not installed, Module 'Test::Warn' is not installed, Module 'Test::Deep' is not installed
! Bailing out the installation for CGI-4.22.
OK
==> Found dependencies: Test::Tester
3 distributions installed
                                      ________________   ____      _ __
           _________  ____ _____     / ____/ ____/  _/  / __/___ _(_) /
          / ___/ __ \/ __ `/ __ \   / /   / / __ / /   / /_/ __ `/ / / 
         / /__/ /_/ / /_/ / / / /  / /___/ /_/ // /   / __/ /_/ / / /  
         \___/ .___/\__,_/_/ /_/   \____/\____/___/  /_/  \__,_/_/_/   
            /_/                                                        
cpanm CGI fail
                             __________  ___    _   __
                            / ____/ __ \/   |  / | / /
                           / /   / /_/ / /| | /  |/ / 
                          / /___/ ____/ ___ |/ /|  /  
                          \____/_/   /_/  |_/_/ |_/   
                                                      
--> Working on CPAN
Fetching http://www.cpan.org/authors/id/A/AN/ANDK/CPAN-2.10.tar.gz ... OK
Configuring CPAN-2.10 ... OK
==> Found dependencies: File::HomeDir, Module::Build
--> Working on File::HomeDir
Fetching http://www.cpan.org/authors/id/A/AD/ADAMK/File-HomeDir-1.00.tar.gz ... OK
Configuring File-HomeDir-1.00 ... OK
==> Found dependencies: File::Which, Mac::SystemDirectory
--> Working on File::Which
Fetching http://www.cpan.org/authors/id/P/PL/PLICEASE/File-Which-1.19.tar.gz ... OK
Configuring File-Which-1.19 ... OK
Building and testing File-Which-1.19 ... OK
Successfully installed File-Which-1.19
--> Working on Mac::SystemDirectory
Fetching http://www.cpan.org/authors/id/C/CH/CHANSEN/Mac-SystemDirectory-0.06.tar.gz ... OK
Configuring Mac-SystemDirectory-0.06 ... OK
Building and testing Mac-SystemDirectory-0.06 ... OK
Successfully installed Mac-SystemDirectory-0.06
! Installing the dependencies failed: Module 'Mac::SystemDirectory' is not installed, Module 'File::Which' is not installed
! Bailing out the installation for File-HomeDir-1.00.
--> Working on Module::Build
Fetching http://www.cpan.org/authors/id/L/LE/LEONT/Module-Build-0.4214.tar.gz ... OK
==> Found dependencies: CPAN::Meta
--> Working on CPAN::Meta
Fetching http://www.cpan.org/authors/id/D/DA/DAGOLDEN/CPAN-Meta-2.150005.tar.gz ... OK
Configuring CPAN-Meta-2.150005 ... OK
Building CPAN-Meta-2.150005 ... OK
Successfully installed CPAN-Meta-2.150005 (upgraded from 2.140640)
! Installing the dependencies failed: Installed version (2.140640) of CPAN::Meta is not in range '2.142060'
! Bailing out the installation for Module-Build-0.4214.
! Installing the dependencies failed: Module 'File::HomeDir' is not installed
! Bailing out the installation for CPAN-2.10.
3 distributions installed
                                 __________  ___    _   __   ____      _ __
      _________  ____ _____     / ____/ __ \/   |  / | / /  / __/___ _(_) /
     / ___/ __ \/ __ `/ __ \   / /   / /_/ / /| | /  |/ /  / /_/ __ `/ / / 
    / /__/ /_/ / /_/ / / / /  / /___/ ____/ ___ |/ /|  /  / __/ /_/ / / /  
    \___/ .___/\__,_/_/ /_/   \____/_/   /_/  |_/_/ |_/  /_/  \__,_/_/_/   
       /_/                                                                 
cpanm CPAN fail
                 __________  ___    _   __  __  ___     __       
                / ____/ __ \/   |  / | / / /  |/  /__  / /_____ _
               / /   / /_/ / /| | /  |/ (_) /|_/ / _ \/ __/ __ `/
              / /___/ ____/ ___ |/ /|  / / /  / /  __/ /_/ /_/ / 
              \____/_/   /_/  |_/_/ |_(_)_/  /_/\___/\__/\__,_/  
                                                                 
! Finding CPAN:Meta on cpanmetadb failed.
